Using pre-set license
Built from '2020.3/release' branch; Version is '2020.3.1f1 (77a89f25062f) revision 7841951'; Using compiler version '192528614'; Build Type 'Release'
OS: 'Windows 10 Pro; OS build 19042.867; Version 2009; 64bit' Language: 'en' Physical Memory: 65468 MB
BatchMode: 1, IsHumanControllingUs: 0, StartBugReporterOnCrash: 0, Is64bit: 1, IsPro: 0

 COMMAND LINE ARGUMENTS:
C:\Program Files\Unity\Hub\Editor\2020.3.1f1\Editor\Unity.exe
-adb2
-batchMode
-noUpm
-name
AssetImportWorker0
-projectPath
C:/Users/Public/Unity Projects/Monster Flow/Silver
-logFile
Logs/AssetImportWorker0.log
-srvPort
55224
Successfully changed project path to: C:/Users/Public/Unity Projects/Monster Flow/Silver
C:/Users/Public/Unity Projects/Monster Flow/Silver
Using Asset Import Pipeline V2.
Refreshing native plugins compatible for Editor in 29.54 ms, found 0 plugins.
Preloading 0 native plugins for Editor in 0.00 ms.
Initialize engine version: 2020.3.1f1 (77a89f25062f)
[Subsystems] Discovering subsystems at path C:/Program Files/Unity/Hub/Editor/2020.3.1f1/Editor/Data/Resources/UnitySubsystems
[Subsystems] Discovering subsystems at path C:/Users/Public/Unity Projects/Monster Flow/Silver/Assets
GfxDevice: creating device client; threaded=0
Direct3D:
    Version:  Direct3D 11.0 [level 11.1]
    Renderer: NVIDIA GeForce GTX 1080 (ID=0x1b80)
    Vendor:   
    VRAM:     8079 MB
    Driver:   27.21.14.6192
Initialize mono
Mono path[0] = 'C:/Program Files/Unity/Hub/Editor/2020.3.1f1/Editor/Data/Managed'
Mono path[1] = 'C:/Program Files/Unity/Hub/Editor/2020.3.1f1/Editor/Data/MonoBleedingEdge/lib/mono/unityjit'
Mono config path = 'C:/Program Files/Unity/Hub/Editor/2020.3.1f1/Editor/Data/MonoBleedingEdge/etc'
Using monoOptions --debugger-agent=transport=dt_socket,embedding=1,server=y,suspend=n,address=127.0.0.1:56072
Begin MonoManager ReloadAssembly
Registering precompiled unity dll's ...
Register platform support module: C:/Program Files/Unity/Hub/Editor/2020.3.1f1/Editor/Data/PlaybackEngines/WindowsStandaloneSupport/UnityEditor.WindowsStandalone.Extensions.dll
Registered in 0.001648 seconds.
Native extension for WindowsStandalone target not found
Refreshing native plugins compatible for Editor in 30.73 ms, found 0 plugins.
Preloading 0 native plugins for Editor in 0.00 ms.
Invoked RoslynAnalysisRunner static constructor.
RoslynAnalysisRunner will not be running.
RoslynAnalysisRunner has terminated.
Mono: successfully reloaded assembly
- Completed reload, in  0.916 seconds
Platform modules already initialized, skipping
Registering precompiled user dll's ...
Registered in 0.001100 seconds.
Begin MonoManager ReloadAssembly
Native extension for WindowsStandalone target not found
Refreshing native plugins compatible for Editor in 29.16 ms, found 0 plugins.
Preloading 0 native plugins for Editor in 0.00 ms.
Invoked RoslynAnalysisRunner static constructor.
RoslynAnalysisRunner will not be running.
RoslynAnalysisRunner has terminated.
Mono: successfully reloaded assembly
- Completed reload, in  0.767 seconds
Platform modules already initialized, skipping
========================================================================
Worker process is ready to serve import requests
Launched and connected shader compiler UnityShaderCompiler.exe after 0.06 seconds
Refreshing native plugins compatible for Editor in 0.32 ms, found 0 plugins.
Preloading 0 native plugins for Editor in 0.00 ms.
Unloading 1733 Unused Serialized files (Serialized files now loaded: 0)
System memory in use before: 92.0 MB.
System memory in use after: 91.7 MB.

Unloading 14 unused Assets to reduce memory usage. Loaded Objects now: 2190.
Total: 1.948600 ms (FindLiveObjects: 0.159700 ms CreateObjectMapping: 0.054600 ms MarkObjects: 1.483800 ms  DeleteObjects: 0.249900 ms)

========================================================================
Received Import Request.
  path: Assets/Scripts/Combat
  artifactKey: Guid(c15bce03c19a3db429c160460bc36377) Importer(815301076,1909f56bfc062723c751e8b465ee728b)
Start importing Assets/Scripts/Combat using Guid(c15bce03c19a3db429c160460bc36377) Importer(815301076,1909f56bfc062723c751e8b465ee728b)  -> (artifact id: '6376fd4d90ef87cc303ab67fdb252cbc') in 0.007434 seconds
  Import took 0.009579 seconds .

========================================================================
Received Import Request.
  Time since last request: 0.000287 seconds.
  path: Assets/Scripts/Combat/HealthBar.cs
  artifactKey: Guid(122de0675a260fb4e80664952cd4b72c) Importer(815301076,1909f56bfc062723c751e8b465ee728b)
Start importing Assets/Scripts/Combat/HealthBar.cs using Guid(122de0675a260fb4e80664952cd4b72c) Importer(815301076,1909f56bfc062723c751e8b465ee728b)  -> (artifact id: '3403d30ab9104a31e94eca59e27cb6d5') in 0.014230 seconds
  Import took 0.016247 seconds .

========================================================================
Received Import Request.
  Time since last request: 289.019959 seconds.
  path: Assets/Scripts/Combat/HealthBar.cs
  artifactKey: Guid(122de0675a260fb4e80664952cd4b72c) Importer(815301076,1909f56bfc062723c751e8b465ee728b)
Start importing Assets/Scripts/Combat/HealthBar.cs using Guid(122de0675a260fb4e80664952cd4b72c) Importer(815301076,1909f56bfc062723c751e8b465ee728b)  -> (artifact id: '70a72722a2d2278d0884373f8ca5ee2f') in 0.002259 seconds
  Import took 0.004895 seconds .

========================================================================
Received Import Request.
  Time since last request: 2.489349 seconds.
  path: Assets/Scripts/Enemy/State.cs
  artifactKey: Guid(8a76cab06b18a234fa544ddbbbe8431d) Importer(815301076,1909f56bfc062723c751e8b465ee728b)
Start importing Assets/Scripts/Enemy/State.cs using Guid(8a76cab06b18a234fa544ddbbbe8431d) Importer(815301076,1909f56bfc062723c751e8b465ee728b)  -> (artifact id: '55d01decb8cb29c05f0b755d73bcf1b3') in 0.005133 seconds
  Import took 0.007432 seconds .

========================================================================
Received Import Request.
  Time since last request: 0.016606 seconds.
  path: Assets/Scripts/Enemy/State.cs
  artifactKey: Guid(8a76cab06b18a234fa544ddbbbe8431d) Importer(815301076,1909f56bfc062723c751e8b465ee728b)
Start importing Assets/Scripts/Enemy/State.cs using Guid(8a76cab06b18a234fa544ddbbbe8431d) Importer(815301076,1909f56bfc062723c751e8b465ee728b)  -> (artifact id: '55d01decb8cb29c05f0b755d73bcf1b3') in 0.002341 seconds
  Import took 0.004658 seconds .

========================================================================
Received Import Request.
  Time since last request: 0.630223 seconds.
  path: Assets/Scripts/Enemy/AI.cs
  artifactKey: Guid(fecdfd3c4786fd5439f39bc6f92c6a78) Importer(815301076,1909f56bfc062723c751e8b465ee728b)
Start importing Assets/Scripts/Enemy/AI.cs using Guid(fecdfd3c4786fd5439f39bc6f92c6a78) Importer(815301076,1909f56bfc062723c751e8b465ee728b)  -> (artifact id: 'b333a444270ba96c76364b3d7920b1fe') in 0.005454 seconds
  Import took 0.007737 seconds .

========================================================================
Received Prepare
Registering precompiled user dll's ...
Registered in 0.001091 seconds.
Begin MonoManager ReloadAssembly
Native extension for WindowsStandalone target not found
Refreshing native plugins compatible for Editor in 0.32 ms, found 0 plugins.
Preloading 0 native plugins for Editor in 0.00 ms.
Invoked RoslynAnalysisRunner static constructor.
RoslynAnalysisRunner will not be running.
RoslynAnalysisRunner has terminated.
Mono: successfully reloaded assembly
- Completed reload, in  0.743 seconds
Platform modules already initialized, skipping
Refreshing native plugins compatible for Editor in 0.33 ms, found 0 plugins.
Preloading 0 native plugins for Editor in 0.00 ms.
Unloading 1721 Unused Serialized files (Serialized files now loaded: 0)
System memory in use before: 91.5 MB.
System memory in use after: 91.3 MB.

Unloading 7 unused Assets to reduce memory usage. Loaded Objects now: 2193.
Total: 1.904300 ms (FindLiveObjects: 0.208100 ms CreateObjectMapping: 0.049500 ms MarkObjects: 1.372800 ms  DeleteObjects: 0.273200 ms)

