Using pre-set license
Built from '2020.3/release' branch; Version is '2020.3.1f1 (77a89f25062f) revision 7841951'; Using compiler version '192528614'; Build Type 'Release'
OS: 'Windows 10 Pro; OS build 19042.906; Version 2009; 64bit' Language: 'en' Physical Memory: 65468 MB
BatchMode: 1, IsHumanControllingUs: 0, StartBugReporterOnCrash: 0, Is64bit: 1, IsPro: 0

 COMMAND LINE ARGUMENTS:
C:\Program Files\Unity\Hub\Editor\2020.3.1f1\Editor\Unity.exe
-adb2
-batchMode
-noUpm
-name
AssetImportWorker19
-projectPath
C:/Users/Public/Unity Projects/Monster Flow/Silver
-logFile
Logs/AssetImportWorker19.log
-srvPort
55594
Successfully changed project path to: C:/Users/Public/Unity Projects/Monster Flow/Silver
C:/Users/Public/Unity Projects/Monster Flow/Silver
Using Asset Import Pipeline V2.
Refreshing native plugins compatible for Editor in 32.27 ms, found 0 plugins.
Preloading 0 native plugins for Editor in 0.00 ms.
Initialize engine version: 2020.3.1f1 (77a89f25062f)
[Subsystems] Discovering subsystems at path C:/Program Files/Unity/Hub/Editor/2020.3.1f1/Editor/Data/Resources/UnitySubsystems
[Subsystems] Discovering subsystems at path C:/Users/Public/Unity Projects/Monster Flow/Silver/Assets
GfxDevice: creating device client; threaded=0
Direct3D:
    Version:  Direct3D 11.0 [level 11.1]
    Renderer: NVIDIA GeForce GTX 1080 (ID=0x1b80)
    Vendor:   
    VRAM:     8079 MB
    Driver:   27.21.14.6589
Initialize mono
Mono path[0] = 'C:/Program Files/Unity/Hub/Editor/2020.3.1f1/Editor/Data/Managed'
Mono path[1] = 'C:/Program Files/Unity/Hub/Editor/2020.3.1f1/Editor/Data/MonoBleedingEdge/lib/mono/unityjit'
Mono config path = 'C:/Program Files/Unity/Hub/Editor/2020.3.1f1/Editor/Data/MonoBleedingEdge/etc'
Using monoOptions --debugger-agent=transport=dt_socket,embedding=1,server=y,suspend=n,address=127.0.0.1:56244
Begin MonoManager ReloadAssembly
Registering precompiled unity dll's ...
Register platform support module: C:/Program Files/Unity/Hub/Editor/2020.3.1f1/Editor/Data/PlaybackEngines/WindowsStandaloneSupport/UnityEditor.WindowsStandalone.Extensions.dll
Registered in 0.001585 seconds.
Native extension for WindowsStandalone target not found
Refreshing native plugins compatible for Editor in 30.09 ms, found 0 plugins.
Preloading 0 native plugins for Editor in 0.00 ms.
Invoked RoslynAnalysisRunner static constructor.
RoslynAnalysisRunner will not be running.
RoslynAnalysisRunner has terminated.
Mono: successfully reloaded assembly
- Completed reload, in  0.906 seconds
Platform modules already initialized, skipping
Registering precompiled user dll's ...
Registered in 0.001067 seconds.
Begin MonoManager ReloadAssembly
Native extension for WindowsStandalone target not found
Refreshing native plugins compatible for Editor in 31.26 ms, found 0 plugins.
Preloading 0 native plugins for Editor in 0.00 ms.
Invoked RoslynAnalysisRunner static constructor.
RoslynAnalysisRunner will not be running.
RoslynAnalysisRunner has terminated.
Mono: successfully reloaded assembly
- Completed reload, in  0.783 seconds
Platform modules already initialized, skipping
========================================================================
Worker process is ready to serve import requests
Launched and connected shader compiler UnityShaderCompiler.exe after 0.04 seconds
Refreshing native plugins compatible for Editor in 0.32 ms, found 0 plugins.
Preloading 0 native plugins for Editor in 0.00 ms.
Unloading 1736 Unused Serialized files (Serialized files now loaded: 0)
System memory in use before: 93.1 MB.
System memory in use after: 92.8 MB.

Unloading 14 unused Assets to reduce memory usage. Loaded Objects now: 2194.
Total: 1.856300 ms (FindLiveObjects: 0.161900 ms CreateObjectMapping: 0.062800 ms MarkObjects: 1.363900 ms  DeleteObjects: 0.266900 ms)

========================================================================
Received Import Request.
  path: Assets/Packs/Top-Down Forest Ruins/demo/New Terrain.asset
  artifactKey: Guid(41b5edcd9a3c665438ab97413261e44d) Importer(815301076,1909f56bfc062723c751e8b465ee728b)
Start importing Assets/Packs/Top-Down Forest Ruins/demo/New Terrain.asset using Guid(41b5edcd9a3c665438ab97413261e44d) Importer(815301076,1909f56bfc062723c751e8b465ee728b) Received signal SIGSEGV
Stack trace:
0x00007ff7b4bbfa7a (Unity) CreateAssetToGUIDMappingV2
0x00007ff7b4b2efc0 (Unity) AssetDatabase::CreateAssetToGUIDMapping
0x00007ff7b394f085 (Unity) SplatDatabase::CreateTerrainLayerAsset
0x00007ff7b394dd40 (Unity) SplatDatabase::ConvertSplatsToTerrainLayers
0x00007ff7b394acec (Unity) SplatDatabase::AwakeFromLoad
0x00007ff7b3995756 (Unity) TerrainData::AwakeFromLoad
0x00007ff7b350815f (Unity) AwakeFromLoadQueue::InvokePersistentManagerAwake
0x00007ff7b3508ab2 (Unity) AwakeFromLoadQueue::PersistentManagerAwakeFromLoad
0x00007ff7b3508c3a (Unity) AwakeFromLoadQueue::PersistentManagerAwakeFromLoad
0x00007ff7b3497ffe (Unity) PersistentManager::IntegrateAllThreadedObjects
0x00007ff7b3498a17 (Unity) PersistentManager::LoadAndIntegrateAllPreallocatedObjects
0x00007ff7b349bfa3 (Unity) PersistentManager::ReadObject
0x00007ff7b4b280b1 (Unity) WritePreviews
0x00007ff7b4b21f6e (Unity) PreviewImporter::GenerateAssetData
0x00007ff7b4c35c59 (Unity) ImportToObjects
0x00007ff7b4c34ac8 (Unity) AssetImportWorker::Import
0x00007ff7b4b9423f (Unity) <lambda_77c748ffdfab40a7d87ea62709a69e39>::operator()
0x00007ff7b4c5f5e2 (Unity) asio::detail::completion_handler<core::mutable_function<void __cdecl(void)> >::do_complete
0x00007ff7b4c61740 (Unity) asio::detail::win_iocp_io_service::do_one
0x00007ff7b4c64ece (Unity) asio::io_service::run
0x00007ff7b4bdb0c0 (Unity) RunAssetImportWorkerClientV2
0x00007ff7b4bdb110 (Unity) RunAssetImporterV2
0x00007ff7b40ec3f6 (Unity) Application::InitializeProject
0x00007ff7b4a67922 (Unity) WinMain
0x00007ff7b68de0d6 (Unity) __scrt_common_main_seh
0x00007ff8533d7034 (KERNEL32) BaseThreadInitThunk
0x00007ff855342651 (ntdll) RtlUserThreadStart

