Using pre-set license
Built from '2020.3/release' branch; Version is '2020.3.1f1 (77a89f25062f) revision 7841951'; Using compiler version '192528614'; Build Type 'Release'
OS: 'Windows 10 Pro; OS build 19042.906; Version 2009; 64bit' Language: 'en' Physical Memory: 65468 MB
BatchMode: 1, IsHumanControllingUs: 0, StartBugReporterOnCrash: 0, Is64bit: 1, IsPro: 0

 COMMAND LINE ARGUMENTS:
C:\Program Files\Unity\Hub\Editor\2020.3.1f1\Editor\Unity.exe
-adb2
-batchMode
-noUpm
-name
AssetImportWorker0
-projectPath
C:/Users/Public/Unity Projects/Monster Flow/Silver
-logFile
Logs/AssetImportWorker0.log
-srvPort
55594
Successfully changed project path to: C:/Users/Public/Unity Projects/Monster Flow/Silver
C:/Users/Public/Unity Projects/Monster Flow/Silver
Using Asset Import Pipeline V2.
Refreshing native plugins compatible for Editor in 29.48 ms, found 0 plugins.
Preloading 0 native plugins for Editor in 0.00 ms.
Initialize engine version: 2020.3.1f1 (77a89f25062f)
[Subsystems] Discovering subsystems at path C:/Program Files/Unity/Hub/Editor/2020.3.1f1/Editor/Data/Resources/UnitySubsystems
[Subsystems] Discovering subsystems at path C:/Users/Public/Unity Projects/Monster Flow/Silver/Assets
GfxDevice: creating device client; threaded=0
Direct3D:
    Version:  Direct3D 11.0 [level 11.1]
    Renderer: NVIDIA GeForce GTX 1080 (ID=0x1b80)
    Vendor:   
    VRAM:     8079 MB
    Driver:   27.21.14.6589
Initialize mono
Mono path[0] = 'C:/Program Files/Unity/Hub/Editor/2020.3.1f1/Editor/Data/Managed'
Mono path[1] = 'C:/Program Files/Unity/Hub/Editor/2020.3.1f1/Editor/Data/MonoBleedingEdge/lib/mono/unityjit'
Mono config path = 'C:/Program Files/Unity/Hub/Editor/2020.3.1f1/Editor/Data/MonoBleedingEdge/etc'
Using monoOptions --debugger-agent=transport=dt_socket,embedding=1,server=y,suspend=n,address=127.0.0.1:56712
Begin MonoManager ReloadAssembly
Registering precompiled unity dll's ...
Register platform support module: C:/Program Files/Unity/Hub/Editor/2020.3.1f1/Editor/Data/PlaybackEngines/WindowsStandaloneSupport/UnityEditor.WindowsStandalone.Extensions.dll
Registered in 0.001563 seconds.
Native extension for WindowsStandalone target not found
Refreshing native plugins compatible for Editor in 29.80 ms, found 0 plugins.
Preloading 0 native plugins for Editor in 0.00 ms.
Invoked RoslynAnalysisRunner static constructor.
RoslynAnalysisRunner will not be running.
RoslynAnalysisRunner has terminated.
Mono: successfully reloaded assembly
- Completed reload, in  0.897 seconds
Platform modules already initialized, skipping
Registering precompiled user dll's ...
Registered in 0.001096 seconds.
Begin MonoManager ReloadAssembly
Native extension for WindowsStandalone target not found
Refreshing native plugins compatible for Editor in 29.68 ms, found 0 plugins.
Preloading 0 native plugins for Editor in 0.00 ms.
Invoked RoslynAnalysisRunner static constructor.
RoslynAnalysisRunner will not be running.
RoslynAnalysisRunner has terminated.
Mono: successfully reloaded assembly
- Completed reload, in  0.772 seconds
Platform modules already initialized, skipping
========================================================================
Worker process is ready to serve import requests
Launched and connected shader compiler UnityShaderCompiler.exe after 0.03 seconds
Refreshing native plugins compatible for Editor in 0.32 ms, found 0 plugins.
Preloading 0 native plugins for Editor in 0.00 ms.
Unloading 1736 Unused Serialized files (Serialized files now loaded: 0)
System memory in use before: 92.1 MB.
System memory in use after: 91.9 MB.

Unloading 14 unused Assets to reduce memory usage. Loaded Objects now: 2193.
Total: 1.877100 ms (FindLiveObjects: 0.169600 ms CreateObjectMapping: 0.064500 ms MarkObjects: 1.384600 ms  DeleteObjects: 0.257900 ms)

========================================================================
Received Import Request.
  path: Assets/Packs/TerrainAutoUpgrade/layer_sand_albedo2023054508611406.terrainlayer
  artifactKey: Guid(bc54d93d316572e4c96ea5c522f7c810) Importer(815301076,1909f56bfc062723c751e8b465ee728b)
Start importing Assets/Packs/TerrainAutoUpgrade/layer_sand_albedo2023054508611406.terrainlayer using Guid(bc54d93d316572e4c96ea5c522f7c810) Importer(815301076,1909f56bfc062723c751e8b465ee728b)  -> (artifact id: '77087d33a9853960be62a5e4460e8176') in 0.068311 seconds
  Import took 0.070646 seconds .

========================================================================
Received Import Request.
  Time since last request: 0.000233 seconds.
  path: Assets/Packs/Top-Down Forest Ruins
  artifactKey: Guid(1ccdd9c555140fa4494f642478f95f22) Importer(815301076,1909f56bfc062723c751e8b465ee728b)
Start importing Assets/Packs/Top-Down Forest Ruins using Guid(1ccdd9c555140fa4494f642478f95f22) Importer(815301076,1909f56bfc062723c751e8b465ee728b)  -> (artifact id: '29eec2bc1d5caabd53d5229e003ae687') in 0.004559 seconds
  Import took 0.006716 seconds .

========================================================================
Received Import Request.
  Time since last request: 0.000258 seconds.
  path: Assets/Packs/TerrainAutoUpgrade
  artifactKey: Guid(d67850cc058464b488efc61ed7e5c540) Importer(815301076,1909f56bfc062723c751e8b465ee728b)
Start importing Assets/Packs/TerrainAutoUpgrade using Guid(d67850cc058464b488efc61ed7e5c540) Importer(815301076,1909f56bfc062723c751e8b465ee728b)  -> (artifact id: '053c1cb3a8d7a8e8bc6c103d39bbf646') in 0.005055 seconds
  Import took 0.007671 seconds .

========================================================================
Received Import Request.
  Time since last request: 0.000275 seconds.
  path: Assets/Packs/TerrainAutoUpgrade/layer_grass_012023054508611406.terrainlayer
  artifactKey: Guid(df28f6895b3d2f24caa76cb0d4116fa0) Importer(815301076,1909f56bfc062723c751e8b465ee728b)
Start importing Assets/Packs/TerrainAutoUpgrade/layer_grass_012023054508611406.terrainlayer using Guid(df28f6895b3d2f24caa76cb0d4116fa0) Importer(815301076,1909f56bfc062723c751e8b465ee728b)  -> (artifact id: '7c08660f384a51656e877bed3bc51a71') in 0.009763 seconds
  Import took 0.012275 seconds .

========================================================================
Received Import Request.
  Time since last request: 0.000237 seconds.
  path: Assets/Packs/TerrainAutoUpgrade/layer_Ground2_difGround2_normal3d1cca0d6d0e9938.terrainlayer
  artifactKey: Guid(08838170b6f5d4e40b54f9d8162ed628) Importer(815301076,1909f56bfc062723c751e8b465ee728b)
Start importing Assets/Packs/TerrainAutoUpgrade/layer_Ground2_difGround2_normal3d1cca0d6d0e9938.terrainlayer using Guid(08838170b6f5d4e40b54f9d8162ed628) Importer(815301076,1909f56bfc062723c751e8b465ee728b)  -> (artifact id: '635a836710d8cbf9605017c6b412c14e') in 0.015712 seconds
  Import took 0.018253 seconds .

========================================================================
Received Import Request.
  Time since last request: 0.002729 seconds.
  path: Assets/Packs/TerrainAutoUpgrade/layer_Ground2_difGround2_normal3d1cca0d6d0e9938.terrainlayer
  artifactKey: Guid(08838170b6f5d4e40b54f9d8162ed628) Importer(815301076,1909f56bfc062723c751e8b465ee728b)
Start importing Assets/Packs/TerrainAutoUpgrade/layer_Ground2_difGround2_normal3d1cca0d6d0e9938.terrainlayer using Guid(08838170b6f5d4e40b54f9d8162ed628) Importer(815301076,1909f56bfc062723c751e8b465ee728b)  -> (artifact id: '635a836710d8cbf9605017c6b412c14e') in 0.009656 seconds
  Import took 0.012107 seconds .

========================================================================
Received Import Request.
  Time since last request: 5.413276 seconds.
  path: Assets/Packs/Top-Down Forest Ruins/demo
  artifactKey: Guid(ab07f052ab13e6d47897f3d83e69ff80) Importer(815301076,1909f56bfc062723c751e8b465ee728b)
Start importing Assets/Packs/Top-Down Forest Ruins/demo using Guid(ab07f052ab13e6d47897f3d83e69ff80) Importer(815301076,1909f56bfc062723c751e8b465ee728b)  -> (artifact id: '1c0f44e53715bda1a39f03cb06b625e7') in 0.005028 seconds
  Import took 0.007570 seconds .

========================================================================
Received Import Request.
  Time since last request: 0.063939 seconds.
  path: Assets/Packs/Top-Down Forest Ruins/demo/New Terrain.asset
  artifactKey: Guid(41b5edcd9a3c665438ab97413261e44d) Importer(815301076,1909f56bfc062723c751e8b465ee728b)
Start importing Assets/Packs/Top-Down Forest Ruins/demo/New Terrain.asset using Guid(41b5edcd9a3c665438ab97413261e44d) Importer(815301076,1909f56bfc062723c751e8b465ee728b)  -> (artifact id: 'ad4b15a425d0752d8c57cdea575b58f8') in 0.044062 seconds
  Import took 0.047856 seconds .

========================================================================
Received Import Request.
  Time since last request: 0.000275 seconds.
  path: Assets/Packs/Top-Down Forest Ruins/demo/plane.obj
  artifactKey: Guid(1b9408d3846a374449427fee0118032f) Importer(815301076,1909f56bfc062723c751e8b465ee728b)
Start importing Assets/Packs/Top-Down Forest Ruins/demo/plane.obj using Guid(1b9408d3846a374449427fee0118032f) Importer(815301076,1909f56bfc062723c751e8b465ee728b)  -> (artifact id: 'e411d894383a60ef53dd79c5496eedc8') in 0.170020 seconds
  Import took 0.172368 seconds .

========================================================================
Received Import Request.
  Time since last request: 2.227920 seconds.
  path: Assets/Packs/Top-Down Forest Ruins/demo/demo_02.unity
  artifactKey: Guid(5b9c4923e4d0ab7449c7ff12d658b3cf) Importer(815301076,1909f56bfc062723c751e8b465ee728b)
Start importing Assets/Packs/Top-Down Forest Ruins/demo/demo_02.unity using Guid(5b9c4923e4d0ab7449c7ff12d658b3cf) Importer(815301076,1909f56bfc062723c751e8b465ee728b)  -> (artifact id: '53c02deca028edd9328aa23e9820abc0') in 0.005252 seconds
  Import took 0.007665 seconds .

========================================================================
Received Import Request.
  Time since last request: 14.050571 seconds.
  path: Assets/Packs/Top-Down Forest Ruins/demo/demo_01.unity
  artifactKey: Guid(696d46ff514656e4a9abbd37a51fa114) Importer(815301076,1909f56bfc062723c751e8b465ee728b)
Start importing Assets/Packs/Top-Down Forest Ruins/demo/demo_01.unity using Guid(696d46ff514656e4a9abbd37a51fa114) Importer(815301076,1909f56bfc062723c751e8b465ee728b)  -> (artifact id: '1d49512465dffefb3116a4baf6c43a40') in 0.005495 seconds
  Import took 0.007956 seconds .

========================================================================
Received Import Request.
  Time since last request: 94.122007 seconds.
  path: Assets/Scenes/Main/Main.unity
  artifactKey: Guid(a29848c6cbdc245439fd7641ab34b8bc) Importer(815301076,1909f56bfc062723c751e8b465ee728b)
Start importing Assets/Scenes/Main/Main.unity using Guid(a29848c6cbdc245439fd7641ab34b8bc) Importer(815301076,1909f56bfc062723c751e8b465ee728b)  -> (artifact id: '665cf6658b4a859027267ddba19088ff') in 0.005251 seconds
  Import took 0.007666 seconds .

========================================================================
Received Prepare
Registering precompiled user dll's ...
Registered in 0.001079 seconds.
Begin MonoManager ReloadAssembly
Native extension for WindowsStandalone target not found
Refreshing native plugins compatible for Editor in 0.33 ms, found 0 plugins.
Preloading 0 native plugins for Editor in 0.00 ms.
Invoked RoslynAnalysisRunner static constructor.
RoslynAnalysisRunner will not be running.
RoslynAnalysisRunner has terminated.
Mono: successfully reloaded assembly
- Completed reload, in  0.712 seconds
Platform modules already initialized, skipping
Refreshing native plugins compatible for Editor in 0.33 ms, found 0 plugins.
Preloading 0 native plugins for Editor in 0.00 ms.
Unloading 1724 Unused Serialized files (Serialized files now loaded: 0)
System memory in use before: 95.1 MB.
System memory in use after: 94.9 MB.

Unloading 7 unused Assets to reduce memory usage. Loaded Objects now: 2209.
Total: 2.113900 ms (FindLiveObjects: 0.159900 ms CreateObjectMapping: 0.053100 ms MarkObjects: 1.662200 ms  DeleteObjects: 0.238200 ms)

========================================================================
Received Import Request.
  Time since last request: 306.366941 seconds.
  path: Assets/_TerrainAutoUpgrade/layer_grass_012023054508611406.terrainlayer
  artifactKey: Guid(8423dbe59c1121f4184241173d06f3c6) Importer(815301076,1909f56bfc062723c751e8b465ee728b)
Start importing Assets/_TerrainAutoUpgrade/layer_grass_012023054508611406.terrainlayer using Guid(8423dbe59c1121f4184241173d06f3c6) Importer(815301076,1909f56bfc062723c751e8b465ee728b)  -> (artifact id: '84ea297ea4f43ee24f34cfb2e4c893e6') in 0.033714 seconds
  Import took 0.036282 seconds .

========================================================================
Received Import Request.
  Time since last request: 0.000182 seconds.
  path: Assets/_TerrainAutoUpgrade/layer_Ground2_difGround2_normal3d1cca0d6d0e9938.terrainlayer
  artifactKey: Guid(6ba571f27c97eac4c9e8e8bc738d3adc) Importer(815301076,1909f56bfc062723c751e8b465ee728b)
Start importing Assets/_TerrainAutoUpgrade/layer_Ground2_difGround2_normal3d1cca0d6d0e9938.terrainlayer using Guid(6ba571f27c97eac4c9e8e8bc738d3adc) Importer(815301076,1909f56bfc062723c751e8b465ee728b)  -> (artifact id: '4b3f998dd264f7a6875647b7ae165b8f') in 0.010300 seconds
  Import took 0.012484 seconds .

========================================================================
Received Import Request.
  Time since last request: 0.000275 seconds.
  path: Assets/_TerrainAutoUpgrade/layer_sand_albedo2023054508611406.terrainlayer
  artifactKey: Guid(fd985cc75a283f1418ced1173b5c5d92) Importer(815301076,1909f56bfc062723c751e8b465ee728b)
Start importing Assets/_TerrainAutoUpgrade/layer_sand_albedo2023054508611406.terrainlayer using Guid(fd985cc75a283f1418ced1173b5c5d92) Importer(815301076,1909f56bfc062723c751e8b465ee728b)  -> (artifact id: '899470cf54dadbe2c6c61c685e8f81e8') in 0.008121 seconds
  Import took 0.010442 seconds .

========================================================================
Received Import Request.
  Time since last request: 6.494561 seconds.
  path: Assets/Packs/Top-Down Forest Ruins
  artifactKey: Guid(05488ed7fcd4607498e8359e679af002) Importer(815301076,1909f56bfc062723c751e8b465ee728b)
Start importing Assets/Packs/Top-Down Forest Ruins using Guid(05488ed7fcd4607498e8359e679af002) Importer(815301076,1909f56bfc062723c751e8b465ee728b)  -> (artifact id: '5eb1c977945f651636610d7b6f3f3dd3') in 0.004809 seconds
  Import took 0.007238 seconds .

========================================================================
Received Import Request.
  Time since last request: 1.536732 seconds.
  path: Assets/Packs/Top-Down Forest Ruins/demo/New Terrain.asset
  artifactKey: Guid(41b5edcd9a3c665438ab97413261e44d) Importer(815301076,1909f56bfc062723c751e8b465ee728b)
Start importing Assets/Packs/Top-Down Forest Ruins/demo/New Terrain.asset using Guid(41b5edcd9a3c665438ab97413261e44d) Importer(815301076,1909f56bfc062723c751e8b465ee728b) Received signal SIGSEGV
Stack trace:
0x00007ff7b4bbfa7a (Unity) CreateAssetToGUIDMappingV2
0x00007ff7b4b2efc0 (Unity) AssetDatabase::CreateAssetToGUIDMapping
0x00007ff7b394f085 (Unity) SplatDatabase::CreateTerrainLayerAsset
0x00007ff7b394dd40 (Unity) SplatDatabase::ConvertSplatsToTerrainLayers
0x00007ff7b394acec (Unity) SplatDatabase::AwakeFromLoad
0x00007ff7b3995756 (Unity) TerrainData::AwakeFromLoad
0x00007ff7b350815f (Unity) AwakeFromLoadQueue::InvokePersistentManagerAwake
0x00007ff7b3508ab2 (Unity) AwakeFromLoadQueue::PersistentManagerAwakeFromLoad
0x00007ff7b3508c3a (Unity) AwakeFromLoadQueue::PersistentManagerAwakeFromLoad
0x00007ff7b3497ffe (Unity) PersistentManager::IntegrateAllThreadedObjects
0x00007ff7b3498a17 (Unity) PersistentManager::LoadAndIntegrateAllPreallocatedObjects
0x00007ff7b349bfa3 (Unity) PersistentManager::ReadObject
0x00007ff7b4b280b1 (Unity) WritePreviews
0x00007ff7b4b21f6e (Unity) PreviewImporter::GenerateAssetData
0x00007ff7b4c35c59 (Unity) ImportToObjects
0x00007ff7b4c34ac8 (Unity) AssetImportWorker::Import
0x00007ff7b4b9423f (Unity) <lambda_77c748ffdfab40a7d87ea62709a69e39>::operator()
0x00007ff7b4c5f5e2 (Unity) asio::detail::completion_handler<core::mutable_function<void __cdecl(void)> >::do_complete
0x00007ff7b4c61740 (Unity) asio::detail::win_iocp_io_service::do_one
0x00007ff7b4c64ece (Unity) asio::io_service::run
0x00007ff7b4bdb0c0 (Unity) RunAssetImportWorkerClientV2
0x00007ff7b4bdb110 (Unity) RunAssetImporterV2
0x00007ff7b40ec3f6 (Unity) Application::InitializeProject
0x00007ff7b4a67922 (Unity) WinMain
0x00007ff7b68de0d6 (Unity) __scrt_common_main_seh
0x00007ff8533d7034 (KERNEL32) BaseThreadInitThunk
0x00007ff855342651 (ntdll) RtlUserThreadStart

